This is pdfTeX, Version 3.14159265-2.6-1.40.21 (MiKTeX 2.9.7300 64-bit) (preloaded format=pdflatex 2020.2.26)  26 FEB 2020 21:17
entering extended mode
**./pernyataan.tex
(pernyataan.tex
LaTeX2e <2020-02-02> patch level 4
L3 programming layer <2020-02-21>
("C:\Users\mocha\AppData\Local\Programs\MiKTeX 2.9\tex/latex/base\report.cls"
Document Class: report 2019/12/20 v1.4l Standard LaTeX document class
("C:\Users\mocha\AppData\Local\Programs\MiKTeX 2.9\tex/latex/base\size10.clo"
File: size10.clo 2019/12/20 v1.4l Standard LaTeX file (size option)
)
\c@part=\count167
\c@chapter=\count168
\c@section=\count169
\c@subsection=\count170
\c@subsubsection=\count171
\c@paragraph=\count172
\c@subparagraph=\count173
\c@figure=\count174
\c@table=\count175
\abovecaptionskip=\skip47
\belowcaptionskip=\skip48
\bibindent=\dimen134
)
("C:\Users\mocha\AppData\Local\Programs\MiKTeX 2.9\tex/latex/changepage\changep
age.sty"
Package: changepage 2009/10/20 v1.0c check page and change page layout
\c@cp@cntr=\count176
\cp@tempcnt=\count177
)
("C:\Users\mocha\AppData\Local\Programs\MiKTeX 2.9\tex/generic/babel\babel.sty"
Package: babel 2020/02/14 3.40 The Babel package
("C:\Users\mocha\AppData\Local\Programs\MiKTeX 2.9\tex/generic/babel\switch.def
"
File: switch.def 2020/02/14 3.40 Babel switching mechanism
)
*************************************
* Local config file bblopts.cfg used
*
("C:\Users\mocha\AppData\Local\Programs\MiKTeX 2.9\tex/latex/arabi\bblopts.cfg"
File: bblopts.cfg 2005/09/08 v0.1 add Arabic and Farsi to "declared" options of
 babel
)
("C:\Users\mocha\AppData\Local\Programs\MiKTeX 2.9\tex/latex/babel-indonesian\b
ahasa.ldf"
Language: bahasa 2017/02/15 v1.0m Bahasa Indonesia support from the babel syste
m

("C:\Users\mocha\AppData\Local\Programs\MiKTeX 2.9\tex/latex/babel-indonesian\i
ndonesian.ldf"
Language: indonesian 2017/02/15 v1.0m Bahasa Indonesia support from the babel s
ystem

("C:\Users\mocha\AppData\Local\Programs\MiKTeX 2.9\tex/generic/babel\babel.def"
File: babel.def 2020/02/14 3.40 Babel common definitions
\babel@savecnt=\count178
\U@D=\dimen135

("C:\Users\mocha\AppData\Local\Programs\MiKTeX 2.9\tex/generic/babel\txtbabel.d
ef")
\bbl@readstream=\read2
\bbl@dirlevel=\count179
)))
("C:\Users\mocha\AppData\Local\Programs\MiKTeX 2.9\tex/latex/babel-indonesian\i
ndonesian.ldf"
Language: indonesian 2017/02/15 v1.0m Bahasa Indonesia support from the babel s
ystem
))
("C:\Users\mocha\AppData\Local\Programs\MiKTeX 2.9\tex/latex/l3backend\l3backen
d-pdfmode.def"
File: l3backend-pdfmode.def 2020-02-23 L3 backend support: PDF mode
\l__kernel_color_stack_int=\count180
\l__pdf_internal_box=\box45
) (pernyataan.aux)
\openout1 = `pernyataan.aux'.

LaTeX Font Info:    Checking defaults for OML/cmm/m/it on input line 6.
LaTeX Font Info:    ... okay on input line 6.
LaTeX Font Info:    Checking defaults for OMS/cmsy/m/n on input line 6.
LaTeX Font Info:    ... okay on input line 6.
LaTeX Font Info:    Checking defaults for OT1/cmr/m/n on input line 6.
LaTeX Font Info:    ... okay on input line 6.
LaTeX Font Info:    Checking defaults for T1/cmr/m/n on input line 6.
LaTeX Font Info:    ... okay on input line 6.
LaTeX Font Info:    Checking defaults for TS1/cmr/m/n on input line 6.
LaTeX Font Info:    ... okay on input line 6.
LaTeX Font Info:    Checking defaults for OMX/cmex/m/n on input line 6.
LaTeX Font Info:    ... okay on input line 6.
LaTeX Font Info:    Checking defaults for U/cmr/m/n on input line 6.
LaTeX Font Info:    ... okay on input line 6.

Overfull \hbox (6.35095pt too wide) in paragraph at lines 13--14
\OT1/cmr/bx/n/10 Apli-ka-si \OT1/cmr/bx/it/10 Mul-ti-pla-tform \OT1/cmr/bx/n/10
 In-stru-men Ga-mel-an\OT1/cmr/m/n/10 " ada-lah benar-
 []

LaTeX Font Info:    External font `cmex10' loaded for size
(Font)              <7> on input line 24.
LaTeX Font Info:    External font `cmex10' loaded for size
(Font)              <5> on input line 24.

Overfull \hbox (98.48372pt too wide) in paragraph at lines 24--27
[][] 
 []


Overfull \hbox (120.03526pt too wide) in paragraph at lines 30--37
[][] 
 []


Overfull \hbox (100.5762pt too wide) in paragraph at lines 40--43
[][] 
 []

[1

{C:/Users/mocha/AppData/Local/MiKTeX/2.9/pdftex/config/pdftex.map}]
(pernyataan.aux) ) 
Here is how much of TeX's memory you used:
 1065 strings out of 481545
 17194 string characters out of 2913488
 259810 words of memory out of 3000000
 16369 multiletter control sequences out of 15000+200000
 533610 words of font info for 28 fonts, out of 3000000 for 9000
 1141 hyphenation exceptions out of 8191
 29i,9n,31p,414b,186s stack positions out of 5000i,500n,10000p,200000b,50000s
<C:/Users/mocha/AppData/Local/Programs/MiKTeX 2.9/fonts/type1
/public/amsfonts/cm/cmbx10.pfb><C:/Users/mocha/AppData/Local/Programs/MiKTeX 2.
9/fonts/type1/public/amsfonts/cm/cmbx12.pfb><C:/Users/mocha/AppData/Local/Progr
ams/MiKTeX 2.9/fonts/type1/public/amsfonts/cm/cmbxti10.pfb><C:/Users/mocha/AppD
ata/Local/Programs/MiKTeX 2.9/fonts/type1/public/amsfonts/cm/cmr10.pfb>
Output written on pernyataan.pdf (1 page, 53397 bytes).
PDF statistics:
 22 PDF objects out of 1000 (max. 8388607)
 0 named destinations out of 1000 (max. 500000)
 1 words of extra memory for PDF output out of 10000 (max. 10000000)

